mubayinApp/mubayin/build/app/intermediates/manifest_merge_blame_file/debug/manifest-merger-blame-debug-report.txt
1<?xml version="1.0" encoding="utf-8"?>
2<manifest xmlns:android="http://schemas.android.com/apk/res/android"
3    package="com.mycompany.mubayin"
4    android:versionCode="1"
5    android:versionName="1.0.0" >
6
7    <uses-sdk
8        android:minSdkVersion="23"
9        android:targetSdkVersion="34" />
10    <!--
11         Flutter needs it to communicate with the running application
12         to allow setting breakpoints, to provide hot reload, etc.
13    -->
14    <uses-permission android:name="android.permission.INTERNET" />
14-->src\main\AndroidManifest.xml:6:5-66
14-->src\main\AndroidManifest.xml:6:22-64
15    <uses-permission android:name="android.permission.CAMERA" />
15-->src\main\AndroidManifest.xml:7:5-64
15-->src\main\AndroidManifest.xml:7:22-62
16    <uses-permission
16-->src\main\AndroidManifest.xml:8:5-106
17        android:name="android.permission.READ_EXTERNAL_STORAGE"
17-->src\main\AndroidManifest.xml:8:22-77
18        android:maxSdkVersion="32" />
18-->src\main\AndroidManifest.xml:8:78-104
19    <uses-permission
19-->src\main\AndroidManifest.xml:9:5-107
20        android:name="android.permission.WRITE_EXTERNAL_STORAGE"
20-->src\main\AndroidManifest.xml:9:22-78
21        android:maxSdkVersion="32" />
21-->src\main\AndroidManifest.xml:9:79-105
22    <uses-permission android:name="android.permission.RECORD_AUDIO" />
22-->src\main\AndroidManifest.xml:10:5-70
22-->src\main\AndroidManifest.xml:10:22-68
23    <uses-permission android:name="android.permission.MODIFY_AUDIO_SETTINGS" />
23-->src\main\AndroidManifest.xml:11:5-79
23-->src\main\AndroidManifest.xml:11:22-77
24
25    <queries>
25-->[:file_picker] AndroidManifest.xml:13:5-19:15
26        <intent>
26-->[:file_picker] AndroidManifest.xml:14:9-18:18
27            <action android:name="android.intent.action.GET_CONTENT" />
27-->[:file_picker] AndroidManifest.xml:15:13-72
27-->[:file_picker] AndroidManifest.xml:15:21-69
28
29            <data android:mimeType="*/*" />
29-->src\main\AndroidManifest.xml:50:17-76
30        </intent>
31
32        <package android:name="com.google.android.apps.maps" />
32-->[:map_launcher] AndroidManifest.xml:10:9-64
32-->[:map_launcher] AndroidManifest.xml:10:18-61
33        <package android:name="com.google.android.apps.mapslite" />
33-->[:map_launcher] AndroidManifest.xml:11:9-68
33-->[:map_launcher] AndroidManifest.xml:11:18-65
34        <package android:name="com.autonavi.minimap" />
34-->[:map_launcher] AndroidManifest.xml:12:9-56
34-->[:map_launcher] AndroidManifest.xml:12:18-53
35        <package android:name="com.baidu.BaiduMap" />
35-->[:map_launcher] AndroidManifest.xml:13:9-54
35-->[:map_launcher] AndroidManifest.xml:13:18-51
36        <package android:name="com.waze" />
36-->[:map_launcher] AndroidManifest.xml:14:9-44
36-->[:map_launcher] AndroidManifest.xml:14:18-41
37        <package android:name="ru.yandex.yandexnavi" />
37-->[:map_launcher] AndroidManifest.xml:15:9-56
37-->[:map_launcher] AndroidManifest.xml:15:18-53
38        <package android:name="ru.yandex.yandexmaps" />
38-->[:map_launcher] AndroidManifest.xml:16:9-56
38-->[:map_launcher] AndroidManifest.xml:16:18-53
39        <package android:name="com.citymapper.app.release" />
39-->[:map_launcher] AndroidManifest.xml:17:9-62
39-->[:map_launcher] AndroidManifest.xml:17:18-59
40        <package android:name="com.mapswithme.maps.pro" />
40-->[:map_launcher] AndroidManifest.xml:18:9-59
40-->[:map_launcher] AndroidManifest.xml:18:18-56
41        <package android:name="net.osmand" />
41-->[:map_launcher] AndroidManifest.xml:19:9-46
41-->[:map_launcher] AndroidManifest.xml:19:18-43
42        <package android:name="net.osmand.plus" />
42-->[:map_launcher] AndroidManifest.xml:20:9-51
42-->[:map_launcher] AndroidManifest.xml:20:18-48
43        <package android:name="ru.dublgis.dgismobile" />
43-->[:map_launcher] AndroidManifest.xml:21:9-57
43-->[:map_launcher] AndroidManifest.xml:21:18-54
44        <package android:name="com.tencent.map" />
44-->[:map_launcher] AndroidManifest.xml:22:9-51
44-->[:map_launcher] AndroidManifest.xml:22:18-48
45        <package android:name="com.here.app.maps" />
45-->[:map_launcher] AndroidManifest.xml:23:9-53
45-->[:map_launcher] AndroidManifest.xml:23:18-50
46        <package android:name="com.huawei.maps.app" />
46-->[:map_launcher] AndroidManifest.xml:24:9-55
46-->[:map_launcher] AndroidManifest.xml:24:18-52
47        <package android:name="com.alk.copilot.mapviewer" />
47-->[:map_launcher] AndroidManifest.xml:25:9-61
47-->[:map_launcher] AndroidManifest.xml:25:18-58
48        <package android:name="com.tomtom.gplay.navapp" />
48-->[:map_launcher] AndroidManifest.xml:26:9-59
48-->[:map_launcher] AndroidManifest.xml:26:18-56
49        <package android:name="com.tomtom.gplay.navapp.gofleet" />
49-->[:map_launcher] AndroidManifest.xml:27:9-67
49-->[:map_launcher] AndroidManifest.xml:27:18-64
50        <package android:name="com.sygic.truck" />
50-->[:map_launcher] AndroidManifest.xml:28:9-51
50-->[:map_launcher] AndroidManifest.xml:28:18-48
51        <package android:name="nl.flitsmeister" />
51-->[:map_launcher] AndroidManifest.xml:29:9-51
51-->[:map_launcher] AndroidManifest.xml:29:18-48
52        <package android:name="nl.flitsmeister.flux" />
52-->[:map_launcher] AndroidManifest.xml:30:9-56
52-->[:map_launcher] AndroidManifest.xml:30:18-53
53        <package android:name="com.nhn.android.nmap" />
53-->[:map_launcher] AndroidManifest.xml:31:9-56
53-->[:map_launcher] AndroidManifest.xml:31:18-53
54        <package android:name="net.daum.android.map" />
54-->[:map_launcher] AndroidManifest.xml:32:9-56
54-->[:map_launcher] AndroidManifest.xml:32:18-53
55        <package android:name="com.skt.tmap.ku" />
55-->[:map_launcher] AndroidManifest.xml:33:9-51
55-->[:map_launcher] AndroidManifest.xml:33:18-48
56        <package android:name="cz.seznam.mapy" />
56-->[:map_launcher] AndroidManifest.xml:34:9-50
56-->[:map_launcher] AndroidManifest.xml:34:18-47
57        <package android:name="com.mmi.maps" />
57-->[:map_launcher] AndroidManifest.xml:35:9-48
57-->[:map_launcher] AndroidManifest.xml:35:18-45
58
59        <intent>
59-->[androidx.media:media:1.4.1] AndroidManifest.xml:25:9-27:18
60            <action android:name="android.media.browse.MediaBrowserService" />
60-->[androidx.media:media:1.4.1] AndroidManifest.xml:26:13-79
60-->[androidx.media:media:1.4.1] AndroidManifest.xml:26:21-76
61        </intent>
62    </queries>
63
64    <uses-permission android:name="android.permission.ACCESS_NETWORK_STATE" />
64-->[com.google.firebase:firebase-auth:23.0.0] AndroidManifest.xml:26:5-79
64-->[com.google.firebase:firebase-auth:23.0.0] AndroidManifest.xml:26:22-76
65    <uses-permission android:name="android.permission.BLUETOOTH" />
65-->[com.github.canardoux:flutter_sound_core:9.16.3] AndroidManifest.xml:7:5-68
65-->[com.github.canardoux:flutter_sound_core:9.16.3] AndroidManifest.xml:7:22-65
66    <uses-permission android:name="android.permission.WAKE_LOCK" />
66-->[com.github.canardoux:flutter_sound_core:9.16.3] AndroidManifest.xml:8:5-68
66-->[com.github.canardoux:flutter_sound_core:9.16.3] AndroidManifest.xml:8:22-65
67    <uses-permission android:name="Manifest.permission.CAPTURE_AUDIO_OUTPUT" />
67-->[com.github.canardoux:flutter_sound_core:9.16.3] AndroidManifest.xml:11:5-80
67-->[com.github.canardoux:flutter_sound_core:9.16.3] AndroidManifest.xml:11:22-77
68    <uses-permission android:name="com.google.android.providers.gsf.permission.READ_GSERVICES" />
68-->[com.google.android.recaptcha:recaptcha:18.4.0] AndroidManifest.xml:9:5-98
68-->[com.google.android.recaptcha:recaptcha:18.4.0] AndroidManifest.xml:9:22-95
69
70    <permission
70-->[androidx.core:core:1.13.1] AndroidManifest.xml:22:5-24:47
71        android:name="com.mycompany.mubayin.DYNAMIC_RECEIVER_NOT_EXPORTED_PERMISSION"
71-->[androidx.core:core:1.13.1] AndroidManifest.xml:23:9-81
72        android:protectionLevel="signature" />
72-->[androidx.core:core:1.13.1] AndroidManifest.xml:24:9-44
73
74    <uses-permission android:name="com.mycompany.mubayin.DYNAMIC_RECEIVER_NOT_EXPORTED_PERMISSION" />
74-->[androidx.core:core:1.13.1] AndroidManifest.xml:26:5-97
74-->[androidx.core:core:1.13.1] AndroidManifest.xml:26:22-94
75
76    <application
76-->src\main\AndroidManifest.xml:13:5-59:19
77        android:allowBackup="true"
77-->[com.github.jitpack:android-example:1.0.1] AndroidManifest.xml:12:9-35
78        android:appComponentFactory="androidx.core.app.CoreComponentFactory"
78-->[androidx.core:core:1.13.1] AndroidManifest.xml:28:18-86
79        android:debuggable="true"
80        android:extractNativeLibs="false"
81        android:icon="@mipmap/ic_launcher"
81-->src\main\AndroidManifest.xml:16:9-43
82        android:label="Mubayin"
82-->src\main\AndroidManifest.xml:14:9-32
83        android:requestLegacyExternalStorage="true"
83-->src\main\AndroidManifest.xml:17:9-52
84        android:theme="@style/AppTheme" >
84-->[com.github.jitpack:android-example:1.0.1] AndroidManifest.xml:15:9-40
85        <activity
85-->src\main\AndroidManifest.xml:19:9-52:20
86            android:name="com.mycompany.mubayin.MainActivity"
86-->src\main\AndroidManifest.xml:20:13-41
87            android:configChanges="orientation|keyboardHidden|keyboard|screenSize|smallestScreenSize|locale|layoutDirection|fontScale|screenLayout|density|uiMode"
87-->src\main\AndroidManifest.xml:24:13-163
88            android:exported="true"
88-->src\main\AndroidManifest.xml:21:13-36
89            android:hardwareAccelerated="true"
89-->src\main\AndroidManifest.xml:25:13-47
90            android:launchMode="singleTop"
90-->src\main\AndroidManifest.xml:22:13-43
91            android:theme="@style/LaunchTheme"
91-->src\main\AndroidManifest.xml:23:13-47
92            android:windowSoftInputMode="adjustResize" >
92-->src\main\AndroidManifest.xml:26:13-55
93
94            <!-- Normal Theme -->
95            <meta-data
95-->src\main\AndroidManifest.xml:29:13-31:56
96                android:name="io.flutter.embedding.android.NormalTheme"
96-->src\main\AndroidManifest.xml:30:17-72
97                android:resource="@style/NormalTheme" />
97-->src\main\AndroidManifest.xml:31:17-54
98
99            <!-- Splash Screen -->
100            <meta-data
100-->src\main\AndroidManifest.xml:34:13-36:65
101                android:name="io.flutter.embedding.android.SplashScreenDrawable"
101-->src\main\AndroidManifest.xml:35:17-81
102                android:resource="@drawable/launch_background" />
102-->src\main\AndroidManifest.xml:36:17-63
103
104            <!-- Main launcher intent -->
105            <intent-filter>
105-->src\main\AndroidManifest.xml:39:13-42:29
106                <action android:name="android.intent.action.MAIN" />
106-->src\main\AndroidManifest.xml:40:17-68
106-->src\main\AndroidManifest.xml:40:25-66
107
108                <category android:name="android.intent.category.LAUNCHER" />
108-->src\main\AndroidManifest.xml:41:17-76
108-->src\main\AndroidManifest.xml:41:27-74
109            </intent-filter>
110
111            <!-- Deep linking -->
112            <meta-data
112-->src\main\AndroidManifest.xml:45:13-89
113                android:name="flutter_deeplinking_enabled"
113-->src\main\AndroidManifest.xml:45:24-66
114                android:value="true" />
114-->src\main\AndroidManifest.xml:45:67-87
115
116            <intent-filter android:autoVerify="true" >
116-->src\main\AndroidManifest.xml:46:13-51:29
116-->src\main\AndroidManifest.xml:46:28-53
117                <action android:name="android.intent.action.VIEW" />
117-->src\main\AndroidManifest.xml:47:17-68
117-->src\main\AndroidManifest.xml:47:25-66
118
119                <category android:name="android.intent.category.DEFAULT" />
119-->src\main\AndroidManifest.xml:48:17-75
119-->src\main\AndroidManifest.xml:48:27-73
120                <category android:name="android.intent.category.BROWSABLE" />
120-->src\main\AndroidManifest.xml:49:17-77
120-->src\main\AndroidManifest.xml:49:27-75
121
122                <data
122-->src\main\AndroidManifest.xml:50:17-76
123                    android:host="mubayin.com"
123-->src\main\AndroidManifest.xml:50:48-74
124                    android:scheme="mubayin" />
124-->src\main\AndroidManifest.xml:50:23-47
125            </intent-filter>
126        </activity>
127
128        <!-- Flutter plugin configuration -->
129        <meta-data
129-->src\main\AndroidManifest.xml:55:9-57:32
130            android:name="flutterEmbedding"
130-->src\main\AndroidManifest.xml:56:13-44
131            android:value="2" />
131-->src\main\AndroidManifest.xml:57:13-30
132
133        <service
133-->[:cloud_firestore] AndroidManifest.xml:10:9-14:19
134            android:name="com.google.firebase.components.ComponentDiscoveryService"
134-->[:cloud_firestore] AndroidManifest.xml:10:18-89
135            android:directBootAware="true"
135-->[com.google.firebase:firebase-common:21.0.0] AndroidManifest.xml:32:13-43
136            android:exported="false" >
136-->[com.google.firebase:firebase-perf:21.0.1] AndroidManifest.xml:13:13-37
137            <meta-data
137-->[:cloud_firestore] AndroidManifest.xml:11:13-13:85
138                android:name="com.google.firebase.components:io.flutter.plugins.firebase.firestore.FlutterFirebaseFirestoreRegistrar"
138-->[:cloud_firestore] AndroidManifest.xml:12:17-134
139                android:value="com.google.firebase.components.ComponentRegistrar" />
139-->[:cloud_firestore] AndroidManifest.xml:13:17-82
140            <meta-data
140-->[:firebase_auth] AndroidManifest.xml:11:13-13:85
141                android:name="com.google.firebase.components:io.flutter.plugins.firebase.auth.FlutterFirebaseAuthRegistrar"
141-->[:firebase_auth] AndroidManifest.xml:12:17-124
142                android:value="com.google.firebase.components.ComponentRegistrar" />
142-->[:firebase_auth] AndroidManifest.xml:13:17-82
143            <meta-data
143-->[:firebase_performance] AndroidManifest.xml:13:13-15:85
144                android:name="com.google.firebase.components:io.flutter.plugins.firebase.performance.FlutterFirebaseAppRegistrar"
144-->[:firebase_performance] AndroidManifest.xml:14:17-130
145                android:value="com.google.firebase.components.ComponentRegistrar" />
145-->[:firebase_performance] AndroidManifest.xml:15:17-82
146            <meta-data
146-->[:firebase_storage] AndroidManifest.xml:11:13-13:85
147                android:name="com.google.firebase.components:io.flutter.plugins.firebase.storage.FlutterFirebaseAppRegistrar"
147-->[:firebase_storage] AndroidManifest.xml:12:17-126
148                android:value="com.google.firebase.components.ComponentRegistrar" />
148-->[:firebase_storage] AndroidManifest.xml:13:17-82
149            <meta-data
149-->[:firebase_core] AndroidManifest.xml:11:13-13:85
150                android:name="com.google.firebase.components:io.flutter.plugins.firebase.core.FlutterFirebaseCoreRegistrar"
150-->[:firebase_core] AndroidManifest.xml:12:17-124
151                android:value="com.google.firebase.components.ComponentRegistrar" />
151-->[:firebase_core] AndroidManifest.xml:13:17-82
152            <meta-data
152-->[com.google.firebase:firebase-perf:21.0.1] AndroidManifest.xml:14:13-16:85
153                android:name="com.google.firebase.components:com.google.firebase.perf.FirebasePerfKtxRegistrar"
153-->[com.google.firebase:firebase-perf:21.0.1] AndroidManifest.xml:15:17-112
154                android:value="com.google.firebase.components.ComponentRegistrar" />
154-->[com.google.firebase:firebase-perf:21.0.1] AndroidManifest.xml:16:17-82
155            <meta-data
155-->[com.google.firebase:firebase-perf:21.0.1] AndroidManifest.xml:17:13-19:85
156                android:name="com.google.firebase.components:com.google.firebase.perf.FirebasePerfRegistrar"
156-->[com.google.firebase:firebase-perf:21.0.1] AndroidManifest.xml:18:17-109
157                android:value="com.google.firebase.components.ComponentRegistrar" />
157-->[com.google.firebase:firebase-perf:21.0.1] AndroidManifest.xml:19:17-82
158            <meta-data
158-->[com.google.firebase:firebase-sessions:2.0.0] AndroidManifest.xml:29:13-31:85
159                android:name="com.google.firebase.components:com.google.firebase.sessions.FirebaseSessionsRegistrar"
159-->[com.google.firebase:firebase-sessions:2.0.0] AndroidManifest.xml:30:17-117
160                android:value="com.google.firebase.components.ComponentRegistrar" />
160-->[com.google.firebase:firebase-sessions:2.0.0] AndroidManifest.xml:31:17-82
161            <meta-data
161-->[com.google.firebase:firebase-auth:23.0.0] AndroidManifest.xml:69:13-71:85
162                android:name="com.google.firebase.components:com.google.firebase.auth.FirebaseAuthRegistrar"
162-->[com.google.firebase:firebase-auth:23.0.0] AndroidManifest.xml:70:17-109
163                android:value="com.google.firebase.components.ComponentRegistrar" />
163-->[com.google.firebase:firebase-auth:23.0.0] AndroidManifest.xml:71:17-82
164            <meta-data
164-->[com.google.firebase:firebase-firestore:25.1.0] AndroidManifest.xml:17:13-19:85
165                android:name="com.google.firebase.components:com.google.firebase.firestore.FirebaseFirestoreKtxRegistrar"
165-->[com.google.firebase:firebase-firestore:25.1.0] AndroidManifest.xml:18:17-122
166                android:value="com.google.firebase.components.ComponentRegistrar" />
166-->[com.google.firebase:firebase-firestore:25.1.0] AndroidManifest.xml:19:17-82
167            <meta-data
167-->[com.google.firebase:firebase-firestore:25.1.0] AndroidManifest.xml:20:13-22:85
168                android:name="com.google.firebase.components:com.google.firebase.firestore.FirestoreRegistrar"
168-->[com.google.firebase:firebase-firestore:25.1.0] AndroidManifest.xml:21:17-111
169                android:value="com.google.firebase.components.ComponentRegistrar" />
169-->[com.google.firebase:firebase-firestore:25.1.0] AndroidManifest.xml:22:17-82
170            <meta-data
170-->[com.google.firebase:firebase-storage:21.0.0] AndroidManifest.xml:30:13-32:85
171                android:name="com.google.firebase.components:com.google.firebase.storage.FirebaseStorageKtxRegistrar"
171-->[com.google.firebase:firebase-storage:21.0.0] AndroidManifest.xml:31:17-118
172                android:value="com.google.firebase.components.ComponentRegistrar" />
172-->[com.google.firebase:firebase-storage:21.0.0] AndroidManifest.xml:32:17-82
173            <meta-data
173-->[com.google.firebase:firebase-storage:21.0.0] AndroidManifest.xml:33:13-35:85
174                android:name="com.google.firebase.components:com.google.firebase.storage.StorageRegistrar"
174-->[com.google.firebase:firebase-storage:21.0.0] AndroidManifest.xml:34:17-107
175                android:value="com.google.firebase.components.ComponentRegistrar" />
175-->[com.google.firebase:firebase-storage:21.0.0] AndroidManifest.xml:35:17-82
176            <meta-data
176-->[com.google.firebase:firebase-config:22.0.0] AndroidManifest.xml:29:13-31:85
177                android:name="com.google.firebase.components:com.google.firebase.remoteconfig.FirebaseRemoteConfigKtxRegistrar"
177-->[com.google.firebase:firebase-config:22.0.0] AndroidManifest.xml:30:17-128
178                android:value="com.google.firebase.components.ComponentRegistrar" />
178-->[com.google.firebase:firebase-config:22.0.0] AndroidManifest.xml:31:17-82
179            <meta-data
179-->[com.google.firebase:firebase-config:22.0.0] AndroidManifest.xml:32:13-34:85
180                android:name="com.google.firebase.components:com.google.firebase.remoteconfig.RemoteConfigRegistrar"
180-->[com.google.firebase:firebase-config:22.0.0] AndroidManifest.xml:33:17-117
181                android:value="com.google.firebase.components.ComponentRegistrar" />
181-->[com.google.firebase:firebase-config:22.0.0] AndroidManifest.xml:34:17-82
182            <meta-data
182-->[com.google.firebase:firebase-installations:18.0.0] AndroidManifest.xml:15:13-17:85
183                android:name="com.google.firebase.components:com.google.firebase.installations.FirebaseInstallationsKtxRegistrar"
183-->[com.google.firebase:firebase-installations:18.0.0] AndroidManifest.xml:16:17-130
184                android:value="com.google.firebase.components.ComponentRegistrar" />
184-->[com.google.firebase:firebase-installations:18.0.0] AndroidManifest.xml:17:17-82
185            <meta-data
185-->[com.google.firebase:firebase-installations:18.0.0] AndroidManifest.xml:18:13-20:85
186                android:name="com.google.firebase.components:com.google.firebase.installations.FirebaseInstallationsRegistrar"
186-->[com.google.firebase:firebase-installations:18.0.0] AndroidManifest.xml:19:17-127
187                android:value="com.google.firebase.components.ComponentRegistrar" />
187-->[com.google.firebase:firebase-installations:18.0.0] AndroidManifest.xml:20:17-82
188            <meta-data
188-->[com.google.firebase:firebase-appcheck:18.0.0] AndroidManifest.xml:25:13-27:85
189                android:name="com.google.firebase.components:com.google.firebase.appcheck.FirebaseAppCheckKtxRegistrar"
189-->[com.google.firebase:firebase-appcheck:18.0.0] AndroidManifest.xml:26:17-120
190                android:value="com.google.firebase.components.ComponentRegistrar" />
190-->[com.google.firebase:firebase-appcheck:18.0.0] AndroidManifest.xml:27:17-82
191            <meta-data
191-->[com.google.firebase:firebase-appcheck:18.0.0] AndroidManifest.xml:28:13-30:85
192                android:name="com.google.firebase.components:com.google.firebase.appcheck.FirebaseAppCheckRegistrar"
192-->[com.google.firebase:firebase-appcheck:18.0.0] AndroidManifest.xml:29:17-117
193                android:value="com.google.firebase.components.ComponentRegistrar" />
193-->[com.google.firebase:firebase-appcheck:18.0.0] AndroidManifest.xml:30:17-82
194            <meta-data
194-->[com.google.firebase:firebase-common-ktx:21.0.0] AndroidManifest.xml:12:13-14:85
195                android:name="com.google.firebase.components:com.google.firebase.ktx.FirebaseCommonLegacyRegistrar"
195-->[com.google.firebase:firebase-common-ktx:21.0.0] AndroidManifest.xml:13:17-116
196                android:value="com.google.firebase.components.ComponentRegistrar" />
196-->[com.google.firebase:firebase-common-ktx:21.0.0] AndroidManifest.xml:14:17-82
197            <meta-data
197-->[com.google.firebase:firebase-common:21.0.0] AndroidManifest.xml:35:13-37:85
198                android:name="com.google.firebase.components:com.google.firebase.FirebaseCommonKtxRegistrar"
198-->[com.google.firebase:firebase-common:21.0.0] AndroidManifest.xml:36:17-109
199                android:value="com.google.firebase.components.ComponentRegistrar" />
199-->[com.google.firebase:firebase-common:21.0.0] AndroidManifest.xml:37:17-82
200            <meta-data
200-->[com.google.firebase:firebase-abt:21.1.1] AndroidManifest.xml:12:13-14:85
201                android:name="com.google.firebase.components:com.google.firebase.abt.component.AbtRegistrar"
201-->[com.google.firebase:firebase-abt:21.1.1] AndroidManifest.xml:13:17-109
202                android:value="com.google.firebase.components.ComponentRegistrar" />
202-->[com.google.firebase:firebase-abt:21.1.1] AndroidManifest.xml:14:17-82
203            <meta-data
203-->[com.google.firebase:firebase-datatransport:18.1.8] AndroidManifest.xml:27:13-29:85
204                android:name="com.google.firebase.components:com.google.firebase.datatransport.TransportRegistrar"
204-->[com.google.firebase:firebase-datatransport:18.1.8] AndroidManifest.xml:28:17-115
205                android:value="com.google.firebase.components.ComponentRegistrar" />
205-->[com.google.firebase:firebase-datatransport:18.1.8] AndroidManifest.xml:29:17-82
206        </service>
207
208        <provider
208-->[:image_picker_android] AndroidManifest.xml:11:9-19:20
209            android:name="io.flutter.plugins.imagepicker.ImagePickerFileProvider"
209-->[:image_picker_android] AndroidManifest.xml:12:13-82
210            android:authorities="com.mycompany.mubayin.flutter.image_provider"
210-->[:image_picker_android] AndroidManifest.xml:13:13-74
211            android:exported="false"
211-->[:image_picker_android] AndroidManifest.xml:14:13-37
212            android:grantUriPermissions="true" >
212-->[:image_picker_android] AndroidManifest.xml:15:13-47
213            <meta-data
213-->[:image_picker_android] AndroidManifest.xml:16:13-18:75
214                android:name="android.support.FILE_PROVIDER_PATHS"
214-->[:image_picker_android] AndroidManifest.xml:17:17-67
215                android:resource="@xml/flutter_image_picker_file_paths" />
215-->[:image_picker_android] AndroidManifest.xml:18:17-72
216        </provider> <!-- Trigger Google Play services to install the backported photo picker module. -->
217        <service
217-->[:image_picker_android] AndroidManifest.xml:21:9-33:19
218            android:name="com.google.android.gms.metadata.ModuleDependencies"
218-->[:image_picker_android] AndroidManifest.xml:22:13-78
219            android:enabled="false"
219-->[:image_picker_android] AndroidManifest.xml:23:13-36
220            android:exported="false" >
220-->[:image_picker_android] AndroidManifest.xml:24:13-37
221            <intent-filter>
221-->[:image_picker_android] AndroidManifest.xml:26:13-28:29
222                <action android:name="com.google.android.gms.metadata.MODULE_DEPENDENCIES" />
222-->[:image_picker_android] AndroidManifest.xml:27:17-94
222-->[:image_picker_android] AndroidManifest.xml:27:25-91
223            </intent-filter>
224
225            <meta-data
225-->[:image_picker_android] AndroidManifest.xml:30:13-32:36
226                android:name="photopicker_activity:0:required"
226-->[:image_picker_android] AndroidManifest.xml:31:17-63
227                android:value="" />
227-->[:image_picker_android] AndroidManifest.xml:32:17-33
228        </service>
229
230        <activity
230-->[:url_launcher_android] AndroidManifest.xml:10:9-13:74
231            android:name="io.flutter.plugins.urllauncher.WebViewActivity"
231-->[:url_launcher_android] AndroidManifest.xml:11:13-74
232            android:exported="false"
232-->[:url_launcher_android] AndroidManifest.xml:12:13-37
233            android:theme="@android:style/Theme.NoTitleBar.Fullscreen" />
233-->[:url_launcher_android] AndroidManifest.xml:13:13-71
234
235        <service
235-->[com.google.firebase:firebase-sessions:2.0.0] AndroidManifest.xml:22:9-25:40
236            android:name="com.google.firebase.sessions.SessionLifecycleService"
236-->[com.google.firebase:firebase-sessions:2.0.0] AndroidManifest.xml:23:13-80
237            android:enabled="true"
237-->[com.google.firebase:firebase-sessions:2.0.0] AndroidManifest.xml:24:13-35
238            android:exported="false" />
238-->[com.google.firebase:firebase-sessions:2.0.0] AndroidManifest.xml:25:13-37
239
240        <activity
240-->[com.google.firebase:firebase-auth:23.0.0] AndroidManifest.xml:29:9-46:20
241            android:name="com.google.firebase.auth.internal.GenericIdpActivity"
241-->[com.google.firebase:firebase-auth:23.0.0] AndroidManifest.xml:30:13-80
242            android:excludeFromRecents="true"
242-->[com.google.firebase:firebase-auth:23.0.0] AndroidManifest.xml:31:13-46
243            android:exported="true"
243-->[com.google.firebase:firebase-auth:23.0.0] AndroidManifest.xml:32:13-36
244            android:launchMode="singleTask"
244-->[com.google.firebase:firebase-auth:23.0.0] AndroidManifest.xml:33:13-44
245            android:theme="@android:style/Theme.Translucent.NoTitleBar" >
245-->[com.google.firebase:firebase-auth:23.0.0] AndroidManifest.xml:34:13-72
246            <intent-filter>
246-->[com.google.firebase:firebase-auth:23.0.0] AndroidManifest.xml:35:13-45:29
247                <action android:name="android.intent.action.VIEW" />
247-->src\main\AndroidManifest.xml:47:17-68
247-->src\main\AndroidManifest.xml:47:25-66
248
249                <category android:name="android.intent.category.DEFAULT" />
249-->src\main\AndroidManifest.xml:48:17-75
249-->src\main\AndroidManifest.xml:48:27-73
250                <category android:name="android.intent.category.BROWSABLE" />
250-->src\main\AndroidManifest.xml:49:17-77
250-->src\main\AndroidManifest.xml:49:27-75
251
252                <data
252-->src\main\AndroidManifest.xml:50:17-76
253                    android:host="firebase.auth"
253-->src\main\AndroidManifest.xml:50:48-74
254                    android:path="/"
255                    android:scheme="genericidp" />
255-->src\main\AndroidManifest.xml:50:23-47
256            </intent-filter>
257        </activity>
258        <activity
258-->[com.google.firebase:firebase-auth:23.0.0] AndroidManifest.xml:47:9-64:20
259            android:name="com.google.firebase.auth.internal.RecaptchaActivity"
259-->[com.google.firebase:firebase-auth:23.0.0] AndroidManifest.xml:48:13-79
260            android:excludeFromRecents="true"
260-->[com.google.firebase:firebase-auth:23.0.0] AndroidManifest.xml:49:13-46
261            android:exported="true"
261-->[com.google.firebase:firebase-auth:23.0.0] AndroidManifest.xml:50:13-36
262            android:launchMode="singleTask"
262-->[com.google.firebase:firebase-auth:23.0.0] AndroidManifest.xml:51:13-44
263            android:theme="@android:style/Theme.Translucent.NoTitleBar" >
263-->[com.google.firebase:firebase-auth:23.0.0] AndroidManifest.xml:52:13-72
264            <intent-filter>
264-->[com.google.firebase:firebase-auth:23.0.0] AndroidManifest.xml:53:13-63:29
265                <action android:name="android.intent.action.VIEW" />
265-->src\main\AndroidManifest.xml:47:17-68
265-->src\main\AndroidManifest.xml:47:25-66
266
267                <category android:name="android.intent.category.DEFAULT" />
267-->src\main\AndroidManifest.xml:48:17-75
267-->src\main\AndroidManifest.xml:48:27-73
268                <category android:name="android.intent.category.BROWSABLE" />